<?xml version="1.0" encoding="UTF-8"?>
<testng-results ignored="0" total="1" passed="1" failed="0" skipped="0">
  <reporter-output>
  </reporter-output>
  <suite started-at="2026-02-23T17:42:40 IST" name="Suite" finished-at="2026-02-23T17:42:56 IST" duration-ms="16201">
    <groups>
    </groups>
    <test started-at="2026-02-23T17:42:40 IST" name="LoginTest" finished-at="2026-02-23T17:42:56 IST" duration-ms="16201">
      <class name="testClasses.TC01_Login">
        <test-method is-config="true" signature="setup()[pri:0, instance:testClasses.TC01_Login@5aa9e4eb]" started-at="2026-02-23T17:42:40 IST" name="setup" finished-at="2026-02-23T17:42:50 IST" duration-ms="9766" status="PASS">
          <reporter-output>
          </reporter-output>
        </test-method> <!-- setup -->
        <test-method signature="verify_Login()[pri:0, instance:testClasses.TC01_Login@5aa9e4eb]" started-at="2026-02-23T17:42:50 IST" name="verify_Login" finished-at="2026-02-23T17:42:56 IST" duration-ms="5867" status="PASS">
          <reporter-output>
          </reporter-output>
        </test-method> <!-- verify_Login -->
        <test-method is-config="true" signature="tearDown()[pri:0, instance:testClasses.TC01_Login@5aa9e4eb]" started-at="2026-02-23T17:42:56 IST" name="tearDown" finished-at="2026-02-23T17:42:56 IST" duration-ms="467" status="PASS">
          <reporter-output>
          </reporter-output>
        </test-method> <!-- tearDown -->
      </class> <!-- testClasses.TC01_Login -->
    </test> <!-- LoginTest -->
  </suite> <!-- Suite -->
</testng-results>
